<?xml version="1.0" encoding="UTF-8"?>
<!-- Generated by org.testng.reporters.JUnitReportReporter -->
<testsuite hostname="LAPTOP-2S13CC9O" failures="0" tests="1" name="com.npvtest.testcases.HomePageTest" time="7.202" errors="0" timestamp="2024-07-22T16:30:33 IST" skipped="0">
  <testcase classname="com.npvtest.testcases.HomePageTest" name="VerifyStartNowButton" time="7.202"/>
</testsuite> <!-- com.npvtest.testcases.HomePageTest -->
