<?xml version="1.0" encoding="UTF-8"?>
<!-- Generated by org.testng.reporters.JUnitReportReporter -->
<testsuite hostname="LAPTOP-2S13CC9O" failures="0" tests="1" name="com.npvtest.testcases.StartNowTest" time="0.416" errors="0" timestamp="2024-07-22T09:13:01 IST" skipped="0">
  <testcase classname="com.npvtest.testcases.StartNowTest" name="VerifyStartNowButton" time="0.416"/>
</testsuite> <!-- com.npvtest.testcases.StartNowTest -->
